c:\users\dino.bojadjievski\source\repos\electricity2\electricity2\x64\debug\vc142.pdb
c:\users\dino.bojadjievski\source\repos\electricity2\electricity2\x64\debug\vc142.idb
c:\users\dino.bojadjievski\source\repos\electricity2\electricity2\x64\debug\unittests.obj
c:\users\dino.bojadjievski\source\repos\electricity2\electricity2\x64\debug\heap.obj
c:\users\dino.bojadjievski\source\repos\electricity2\electricity2\x64\debug\electricity2.obj
c:\users\dino.bojadjievski\source\repos\electricity2\electricity2\x64\debug\electricity2.i
c:\users\dino.bojadjievski\source\repos\electricity2\electricity2\x64\debug\heap.i
c:\users\dino.bojadjievski\source\repos\electricity2\electricity2\x64\debug\platformmemory_windows.i
c:\users\dino.bojadjievski\source\repos\electricity2\electricity2\x64\debug\unittests.i
c:\users\dino.bojadjievski\source\repos\electricity2\electricity2\x64\debug\fiber.i
c:\users\dino.bojadjievski\source\repos\electricity2\electricity2\x64\debug\fiberstart.i
c:\users\dino.bojadjievski\source\repos\electricity2\electricity2\x64\debug\platformfiber_windows.i
c:\users\dino.bojadjievski\source\repos\electricity2\electricity2\x64\debug\platformthreadingdefines_windows.i
c:\users\dino.bojadjievski\source\repos\electricity2\electricity2\x64\debug\platformthread_windows.i
c:\users\dino.bojadjievski\source\repos\electricity2\electricity2\x64\debug\thread.i
c:\users\dino.bojadjievski\source\repos\electricity2\electricity2\x64\debug\threadstart.i
c:\users\dino.bojadjievski\source\repos\electricity2\electricity2\x64\debug\electricity2.res
c:\users\dino.bojadjievski\source\repos\electricity2\electricity2\x64\debug\electricity2.tlog\cl.command.1.tlog
c:\users\dino.bojadjievski\source\repos\electricity2\electricity2\x64\debug\electricity2.tlog\cl.read.1.tlog
c:\users\dino.bojadjievski\source\repos\electricity2\electricity2\x64\debug\electricity2.tlog\cl.write.1.tlog
c:\users\dino.bojadjievski\source\repos\electricity2\electricity2\x64\debug\electricity2.tlog\link.command.1.tlog
c:\users\dino.bojadjievski\source\repos\electricity2\electricity2\x64\debug\electricity2.tlog\link.read.1.tlog
c:\users\dino.bojadjievski\source\repos\electricity2\electricity2\x64\debug\electricity2.tlog\link.write.1.tlog
c:\users\dino.bojadjievski\source\repos\electricity2\electricity2\x64\debug\electricity2.tlog\rc.command.1.tlog
c:\users\dino.bojadjievski\source\repos\electricity2\electricity2\x64\debug\electricity2.tlog\rc.read.1.tlog
c:\users\dino.bojadjievski\source\repos\electricity2\electricity2\x64\debug\electricity2.tlog\rc.write.1.tlog
