c:\users\dboja\source\electricity2\electricity2\x64\debug\app.i
c:\users\dboja\source\electricity2\electricity2\x64\debug\chunkheader.i
c:\users\dboja\source\electricity2\electricity2\x64\debug\commandlineparser.i
c:\users\dboja\source\electricity2\electricity2\x64\debug\consolesystem.i
c:\users\dboja\source\electricity2\electricity2\x64\debug\coreengine.i
c:\users\dboja\source\electricity2\electricity2\x64\debug\coreobject.i
c:\users\dboja\source\electricity2\electricity2\x64\debug\coresystem.i
c:\users\dboja\source\electricity2\electricity2\x64\debug\coretimer.i
c:\users\dboja\source\electricity2\electricity2\x64\debug\d3d12rendering.i
c:\users\dboja\source\electricity2\electricity2\x64\debug\displaysettings.i
c:\users\dboja\source\electricity2\electricity2\x64\debug\pch.i
c:\users\dboja\source\electricity2\electricity2\x64\debug\electricity2.i
c:\users\dboja\source\electricity2\electricity2\x64\debug\fiber.i
c:\users\dboja\source\electricity2\electricity2\x64\debug\fiberstart.i
c:\users\dboja\source\electricity2\electricity2\x64\debug\heap.i
c:\users\dboja\source\electricity2\electricity2\x64\debug\memutils.i
c:\users\dboja\source\electricity2\electricity2\x64\debug\par.i
c:\users\dboja\source\electricity2\electricity2\x64\debug\platformappdefines_windows.i
c:\users\dboja\source\electricity2\electricity2\x64\debug\platformdisplaysettings_windows.i
c:\users\dboja\source\electricity2\electricity2\x64\debug\platformfiber_windows.i
c:\users\dboja\source\electricity2\electricity2\x64\debug\platformmemory_windows.i
c:\users\dboja\source\electricity2\electricity2\x64\debug\platformswapchain_d3d12.i
c:\users\dboja\source\electricity2\electricity2\x64\debug\platformthreadingdefines_windows.i
c:\users\dboja\source\electricity2\electricity2\x64\debug\platformthread_windows.i
c:\users\dboja\source\electricity2\electricity2\x64\debug\platformtime_windows.i
c:\users\dboja\source\electricity2\electricity2\x64\debug\platformutils_windows.i
c:\users\dboja\source\electricity2\electricity2\x64\debug\platformvrampool_pcd3d12.i
c:\users\dboja\source\electricity2\electricity2\x64\debug\serializationsystem.i
c:\users\dboja\source\electricity2\electricity2\x64\debug\settingssystem.i
c:\users\dboja\source\electricity2\electricity2\x64\debug\simplemeshloader.i
c:\users\dboja\source\electricity2\electricity2\x64\debug\stringutils.i
c:\users\dboja\source\electricity2\electricity2\x64\debug\swapchain.i
c:\users\dboja\source\electricity2\electricity2\x64\debug\taskqueue.i
c:\users\dboja\source\electricity2\electricity2\x64\debug\thread.i
c:\users\dboja\source\electricity2\electricity2\x64\debug\threadstart.i
c:\users\dboja\source\electricity2\electricity2\x64\debug\unittests.i
c:\users\dboja\source\electricity2\electricity2\x64\debug\uuid.i
c:\users\dboja\source\electricity2\electricity2\x64\debug\vertex.i
c:\users\dboja\source\electricity2\electricity2\x64\debug\vramhandle.i
c:\users\dboja\source\electricity2\electricity2\x64\debug\vrammanager.i
c:\users\dboja\source\electricity2\electricity2\x64\debug\vrampool.i
c:\users\dboja\source\electricity2\electricity2\x64\debug\vc143.pdb
c:\users\dboja\source\electricity2\electricity2\x64\debug\vc143.idb
c:\users\dboja\source\electricity2\electricity2\x64\debug\platformfiber_windows.obj
c:\users\dboja\source\electricity2\electricity2\x64\debug\platformdisplaysettings_windows.obj
c:\users\dboja\source\electricity2\electricity2\x64\debug\platformappdefines_windows.obj
c:\users\dboja\source\electricity2\electricity2\x64\debug\par.obj
c:\users\dboja\source\electricity2\electricity2\x64\debug\memutils.obj
c:\users\dboja\source\electricity2\electricity2\x64\debug\fiberstart.obj
c:\users\dboja\source\electricity2\electricity2\x64\debug\fiber.obj
c:\users\dboja\source\electricity2\electricity2\x64\debug\electricity2.obj
c:\users\dboja\source\electricity2\electricity2\x64\debug\pch.obj
c:\users\dboja\source\electricity2\electricity2\x64\debug\displaysettings.obj
c:\users\dboja\source\electricity2\electricity2\x64\debug\d3d12rendering.obj
c:\users\dboja\source\electricity2\electricity2\x64\debug\coretimer.obj
c:\users\dboja\source\electricity2\electricity2\x64\debug\coresystem.obj
c:\users\dboja\source\electricity2\electricity2\x64\debug\coreobject.obj
c:\users\dboja\source\electricity2\electricity2\x64\debug\consolesystem.obj
c:\users\dboja\source\electricity2\electricity2\x64\debug\commandlineparser.obj
c:\users\dboja\source\electricity2\electricity2\x64\debug\chunkheader.obj
c:\users\dboja\source\electricity2\electricity2\x64\debug\app.obj
c:\users\dboja\source\electricity2\electricity2\x64\debug\vrammanager.obj
c:\users\dboja\source\electricity2\electricity2\x64\debug\vramhandle.obj
c:\users\dboja\source\electricity2\electricity2\x64\debug\vertex.obj
c:\users\dboja\source\electricity2\electricity2\x64\debug\uuid.obj
c:\users\dboja\source\electricity2\electricity2\x64\debug\unittests.obj
c:\users\dboja\source\electricity2\electricity2\x64\debug\threadstart.obj
c:\users\dboja\source\electricity2\electricity2\x64\debug\thread.obj
c:\users\dboja\source\electricity2\electricity2\x64\debug\taskqueue.obj
c:\users\dboja\source\electricity2\electricity2\x64\debug\swapchain.obj
c:\users\dboja\source\electricity2\electricity2\x64\debug\simplemeshloader.obj
c:\users\dboja\source\electricity2\electricity2\x64\debug\settingssystem.obj
c:\users\dboja\source\electricity2\electricity2\x64\debug\serializationsystem.obj
c:\users\dboja\source\electricity2\electricity2\x64\debug\platformvrampool_pcd3d12.obj
c:\users\dboja\source\electricity2\electricity2\x64\debug\platformutils_windows.obj
c:\users\dboja\source\electricity2\electricity2\x64\debug\platformtime_windows.obj
c:\users\dboja\source\electricity2\electricity2\x64\debug\platformthread_windows.obj
c:\users\dboja\source\electricity2\electricity2\x64\debug\platformthreadingdefines_windows.obj
c:\users\dboja\source\electricity2\electricity2\x64\debug\platformswapchain_d3d12.obj
c:\users\dboja\source\electricity2\electricity2\x64\debug\platformmemory_windows.obj
c:\users\dboja\source\electricity2\electricity2\x64\debug\vrampool.obj
c:\users\dboja\source\electricity2\electricity2\x64\debug\stringutils.obj
c:\users\dboja\source\electricity2\electricity2\x64\debug\coreengine.obj
c:\users\dboja\source\electricity2\electricity2\x64\debug\heap.obj
c:\users\dboja\source\electricity2\electricity2\x64\debug\rendertarget.obj
c:\users\dboja\source\electricity2\electricity2\x64\debug\rendertargetmanager.obj
c:\users\dboja\source\electricity2\electricity2\x64\debug\platformrendertarget_d3d12.obj
c:\users\dboja\source\electricity2\electricity2\x64\debug\electricity2.res
c:\users\dboja\source\electricity2\x64\debug\electricity.pdb
c:\users\dboja\source\electricity2\electricity2\x64\debug\electricity2.tlog\cl.command.1.tlog
c:\users\dboja\source\electricity2\electricity2\x64\debug\electricity2.tlog\cl.read.1.tlog
c:\users\dboja\source\electricity2\electricity2\x64\debug\electricity2.tlog\cl.write.1.tlog
c:\users\dboja\source\electricity2\electricity2\x64\debug\electricity2.tlog\link.16596-cvtres.read.1.tlog
c:\users\dboja\source\electricity2\electricity2\x64\debug\electricity2.tlog\link.16596-cvtres.write.1.tlog
c:\users\dboja\source\electricity2\electricity2\x64\debug\electricity2.tlog\link.16596-rc.read.1.tlog
c:\users\dboja\source\electricity2\electricity2\x64\debug\electricity2.tlog\link.16596-rc.write.1.tlog
c:\users\dboja\source\electricity2\electricity2\x64\debug\electricity2.tlog\link.16596.read.1.tlog
c:\users\dboja\source\electricity2\electricity2\x64\debug\electricity2.tlog\link.16596.read.2.tlog
c:\users\dboja\source\electricity2\electricity2\x64\debug\electricity2.tlog\link.16596.write.1.tlog
c:\users\dboja\source\electricity2\electricity2\x64\debug\electricity2.tlog\link.command.1.tlog
c:\users\dboja\source\electricity2\electricity2\x64\debug\electricity2.tlog\link.read.1.tlog
c:\users\dboja\source\electricity2\electricity2\x64\debug\electricity2.tlog\link.write.1.tlog
c:\users\dboja\source\electricity2\electricity2\x64\debug\electricity2.tlog\rc.command.1.tlog
c:\users\dboja\source\electricity2\electricity2\x64\debug\electricity2.tlog\rc.read.1.tlog
c:\users\dboja\source\electricity2\electricity2\x64\debug\electricity2.tlog\rc.write.1.tlog
