c:\users\dino.bojadjievski\source\repos\electricity2\electricity2\debug\vc142.pdb
c:\users\dino.bojadjievski\source\repos\electricity2\electricity2\debug\vc142.idb
c:\users\dino.bojadjievski\source\repos\electricity2\electricity2\debug\unittests.obj
c:\users\dino.bojadjievski\source\repos\electricity2\electricity2\debug\threadstart.obj
c:\users\dino.bojadjievski\source\repos\electricity2\electricity2\debug\thread.obj
c:\users\dino.bojadjievski\source\repos\electricity2\electricity2\debug\settingssystem.obj
c:\users\dino.bojadjievski\source\repos\electricity2\electricity2\debug\platformtime_windows.obj
c:\users\dino.bojadjievski\source\repos\electricity2\electricity2\debug\platformthread_windows.obj
c:\users\dino.bojadjievski\source\repos\electricity2\electricity2\debug\platformthreadingdefines_windows.obj
c:\users\dino.bojadjievski\source\repos\electricity2\electricity2\debug\platformmemory_windows.obj
c:\users\dino.bojadjievski\source\repos\electricity2\electricity2\debug\platformfiber_windows.obj
c:\users\dino.bojadjievski\source\repos\electricity2\electricity2\debug\platformdisplaysettings_windows.obj
c:\users\dino.bojadjievski\source\repos\electricity2\electricity2\debug\platformappdefines_windows.obj
c:\users\dino.bojadjievski\source\repos\electricity2\electricity2\debug\heap.obj
c:\users\dino.bojadjievski\source\repos\electricity2\electricity2\debug\fiberstart.obj
c:\users\dino.bojadjievski\source\repos\electricity2\electricity2\debug\fiber.obj
c:\users\dino.bojadjievski\source\repos\electricity2\electricity2\debug\electricity2.obj
c:\users\dino.bojadjievski\source\repos\electricity2\electricity2\debug\displaysettings.obj
c:\users\dino.bojadjievski\source\repos\electricity2\electricity2\debug\coretimer.obj
c:\users\dino.bojadjievski\source\repos\electricity2\electricity2\debug\coreengine.obj
c:\users\dino.bojadjievski\source\repos\electricity2\electricity2\debug\commandlineparser.obj
c:\users\dino.bojadjievski\source\repos\electricity2\electricity2\debug\app.obj
c:\users\dino.bojadjievski\source\repos\electricity2\electricity2\debug\coreobject.obj
c:\users\dino.bojadjievski\source\repos\electricity2\electricity2\debug\classnamehasher.obj
c:\users\dino.bojadjievski\source\repos\electricity2\electricity2\debug\platformutils_windows.obj
c:\users\dino.bojadjievski\source\repos\electricity2\electricity2\debug\uuid.obj
c:\users\dino.bojadjievski\source\repos\electricity2\electricity2\debug\new.obj
c:\users\dino.bojadjievski\source\repos\electricity2\debug\electricity2.exe
c:\users\dino.bojadjievski\source\repos\electricity2\debug\electricity2.ilk
c:\users\dino.bojadjievski\source\repos\electricity2\debug\electricity2.pdb
c:\users\dino.bojadjievski\source\repos\electricity2\electricity2\debug\electricity2.res
c:\users\dino.bojadjievski\source\repos\electricity2\electricity2\debug\coreobjectcodegen.obj
c:\users\dino.bojadjievski\source\repos\electricity2\electricity2\debug\platformutils_windows.obj.enc
c:\users\dino.bojadjievski\source\repos\electricity2\electricity2\debug\uuid.obj.enc
c:\users\dino.bojadjievski\source\repos\electricity2\electricity2\debug\electricity2.tlog\cl.command.1.tlog
c:\users\dino.bojadjievski\source\repos\electricity2\electricity2\debug\electricity2.tlog\cl.read.1.tlog
c:\users\dino.bojadjievski\source\repos\electricity2\electricity2\debug\electricity2.tlog\cl.write.1.tlog
c:\users\dino.bojadjievski\source\repos\electricity2\electricity2\debug\electricity2.tlog\link.command.1.tlog
c:\users\dino.bojadjievski\source\repos\electricity2\electricity2\debug\electricity2.tlog\link.read.1.tlog
c:\users\dino.bojadjievski\source\repos\electricity2\electricity2\debug\electricity2.tlog\link.write.1.tlog
c:\users\dino.bojadjievski\source\repos\electricity2\electricity2\debug\electricity2.tlog\rc.command.1.tlog
c:\users\dino.bojadjievski\source\repos\electricity2\electricity2\debug\electricity2.tlog\rc.read.1.tlog
c:\users\dino.bojadjievski\source\repos\electricity2\electricity2\debug\electricity2.tlog\rc.write.1.tlog
